{"C:\\Users\\dobul\\Desktop\\destructing\\src\\js\\app.js": {"path":"C:\\Users\\dobul\\Desktop\\destructing\\src\\js\\app.js","statementMap":{"0":{"start":{"line":2,"column":2},"end":{"line":7,"column":6}},"1":{"start":{"line":2,"column":83},"end":{"line":7,"column":3}},"2":{"start":{"line":10,"column":0},"end":{"line":10,"column":39}}},"fnMap":{"0":{"name":"extractSpecialAttacks","decl":{"start":{"line":1,"column":9},"end":{"line":1,"column":30}},"loc":{"start":{"line":1,"column":44},"end":{"line":8,"column":1}},"line":1},"1":{"name":"(anonymous_1)","decl":{"start":{"line":2,"column":21},"end":{"line":2,"column":22}},"loc":{"start":{"line":2,"column":83},"end":{"line":7,"column":3}},"line":2}},"branchMap":{"0":{"loc":{"start":{"line":2,"column":34},"end":{"line":2,"column":69}},"type":"default-arg","locations":[{"start":{"line":2,"column":48},"end":{"line":2,"column":69}}],"line":2}},"s":{"0":3,"1":4,"2":1},"f":{"0":3,"1":4},"b":{"0":[2]},"_coverageSchema":"1a1c01bbd47fc00a2c39e90264f33305004495a9","hash":"291b5a24a980f1feaab87f070ab5472282430ad2"}
}
